#-----------------------------------------------------------
# Vivado v2015.4 (64-bit)
# SW Build 1412921 on Wed Nov 18 09:44:32 MST 2015
# IP Build 1412160 on Tue Nov 17 13:47:24 MST 2015
# Start of session at: Sat Apr 23 11:10:29 2016
# Process ID: 9289
# Current directory: /home/mikkeljaedicke/EMP/ip_cores/controller/netlist
# Command line: vivado -mode batch -source ProjectGeneration.tcl -notrace
# Log file: /home/mikkeljaedicke/EMP/ip_cores/controller/netlist/vivado.log
# Journal file: /home/mikkeljaedicke/EMP/ip_cores/controller/netlist/vivado.jou
#-----------------------------------------------------------
source ProjectGeneration.tcl -notrace
******* Inferring the Board from the Device Name *******
WARNING: [Coretcl 2-176] No IPs found
INFO: [IP_Flow 19-234] Refreshing IP repositories
INFO: [IP_Flow 19-1704] No user IP repositories specified
INFO: [IP_Flow 19-2313] Loaded Vivado IP repository '/opt/Xilinx/Vivado/2015.4/data/ip'.
WARNING: [Vivado 12-3523] Attempt to change 'Component_Name' from 'controllerv2_c_addsub_v12_0_i0' to 'controllerv2_c_addsub_v12_0_i0' is not allowed and is ignored.
WARNING: [IP_Flow 19-3374] An attempt to modify the value of disabled parameter 'B_Value' from '000000000000000000000' to '0' has been ignored for IP 'controllerv2_c_addsub_v12_0_i0'
WARNING: [IP_Flow 19-3374] An attempt to modify the value of disabled parameter 'Bypass_Sense' from 'Active_High' to 'Active_Low' has been ignored for IP 'controllerv2_c_addsub_v12_0_i0'
WARNING: [IP_Flow 19-3374] An attempt to modify the value of disabled parameter 'Bypass_CE_Priority' from 'CE_Overrides_Bypass' to 'Bypass_Overrides_CE' has been ignored for IP 'controllerv2_c_addsub_v12_0_i0'
WARNING: [Vivado 12-3523] Attempt to change 'Component_Name' from 'controllerv2_mult_gen_v12_0_i0' to 'controllerv2_mult_gen_v12_0_i0' is not allowed and is ignored.
IP Repository Located at : /opt/Xilinx/Vivado/2015.4/data/ip
****** Webtalk v2015.4 (64-bit)
  **** SW Build 1412921 on Wed Nov 18 09:44:32 MST 2015
  **** IP Build 1412160 on Tue Nov 17 13:47:24 MST 2015
    ** Copyright 1986-2015 Xilinx, Inc. All Rights Reserved.

source /home/mikkeljaedicke/EMP/ip_cores/controller/netlist/ip_catalog/controllerv2.hw/webtalk/labtool_webtalk.tcl -notrace
INFO: [Common 17-206] Exiting Webtalk at Sat Apr 23 11:10:40 2016...
Scanning sources...
Finished scanning sources
INFO: [IP_Flow 19-234] Refreshing IP repositories
INFO: [IP_Flow 19-1704] No user IP repositories specified
INFO: [IP_Flow 19-2313] Loaded Vivado IP repository '/opt/Xilinx/Vivado/2015.4/data/ip'.
Adding File /home/mikkeljaedicke/EMP/ip_cores/controller/netlist/ip_catalog/controllerv2.srcs/sources_1/ip/controllerv2_c_addsub_v12_0_i0/controllerv2_c_addsub_v12_0_i0.xci
Adding File /home/mikkeljaedicke/EMP/ip_cores/controller/netlist/ip_catalog/controllerv2.srcs/sources_1/ip/controllerv2_mult_gen_v12_0_i0/controllerv2_mult_gen_v12_0_i0.xci
Adding File /home/mikkeljaedicke/EMP/ip_cores/controller/netlist/sysgen/controllerv2.xdc
Adding File /home/mikkeljaedicke/EMP/ip_cores/controller/netlist/sysgen/controllerv2.htm
INFO: [IP_Flow 19-1793] Cannot infer any bus interface that matches bus definition xilinx.com:interface:aximm:1.0.
INFO: [IP_Flow 19-1793] Cannot infer any bus interface that matches bus definition xilinx.com:interface:axis:1.0.
WARNING: [IP_Flow 19-3153] Bus Interface 'clk': ASSOCIATED_BUSIF bus parameter is missing.
INFO: [IP_Flow 19-2181] Payment Required is not set for this core.
INFO: [IP_Flow 19-234] Refreshing IP repositories
INFO: [IP_Flow 19-1700] Loaded user IP repository '/home/mikkeljaedicke/EMP/ip_cores/controller/netlist/ip'.
WARNING: [IP_Flow 19-3656] If you move the project, the path for repository '/home/mikkeljaedicke/EMP/ip_cores/controller/netlist/ip' may become invalid. A better location for the repostory would be in a path adjacent to the project. (Current project location is '/home/mikkeljaedicke/EMP/ip_cores/controller/netlist/ip_catalog'.)
0
Wrote  : </home/mikkeljaedicke/EMP/ip_cores/controller/netlist/ip_catalog/controllerv2.srcs/sources_1/bd/controllerv2_bd/controllerv2_bd.bd> 
WARNING: [BD 5-232] No interface pins matched 'get_bd_intf_pins /controllerv2_1/*'
WARNING: [BD 5-232] No interface pins matched 'get_bd_intf_pins /controllerv2_1/*'
WARNING: [BD 5-232] No interface pins matched 'get_bd_intf_pins /controllerv2_1/*'
Wrote  : </home/mikkeljaedicke/EMP/ip_cores/controller/netlist/ip_catalog/controllerv2.srcs/sources_1/bd/controllerv2_bd/controllerv2_bd.bd> 
INFO: [Common 17-206] Exiting Vivado at Sat Apr 23 11:10:42 2016...
