09:51:43 INFO  : Launching XSDB server: xsdb -n /home/thomas/Programs/Xilinx/SDK/2015.4/scripts/xsdb/xsdb/xsdb-server.tcl
09:51:48 INFO  : XSDB server has started successfully.
09:51:49 INFO  : Processing command line option -hwspec /home/thomas/Documents/Git/Electronics/EMB/rtcs/rtcs/rtcs.sdk/rtcs_system_wrapper.hdf.
09:56:55 INFO  : Connected to target on host '127.0.0.1' and port '3121'.
09:56:56 INFO  : 'targets -set -filter {jtag_cable_name =~ "Digilent Zybo 210279772600A" && level==0} -index 1' command is executed.
09:56:57 INFO  : FPGA configured successfully with bitstream "/home/thomas/Documents/Git/Electronics/EMB/rtcs/rtcs/rtcs.sdk/rtcs_system_wrapper_hw_platform_0/rtcs_system_wrapper.bit"
09:57:11 INFO  : ps7_init is completed.
09:57:11 INFO  : ps7_post_config is completed.
09:57:11 INFO  : Processor reset is completed for ps7_cortexa9_0
10:14:21 INFO  : ps7_cortexa9_0 Processor is in use. Please stop existing Run or Debug sessions before launching.
10:14:23 INFO  : Processor reset is completed for ps7_cortexa9_0
10:14:42 INFO  : ps7_cortexa9_0 Processor is in use. Please stop existing Run or Debug sessions before launching.
10:14:44 INFO  : Processor reset is completed for ps7_cortexa9_0
10:18:18 INFO  : ps7_cortexa9_0 Processor is in use. Please stop existing Run or Debug sessions before launching.
10:18:20 INFO  : Processor reset is completed for ps7_cortexa9_0
10:19:33 INFO  : ps7_cortexa9_0 Processor is in use. Please stop existing Run or Debug sessions before launching.
10:19:35 INFO  : Processor reset is completed for ps7_cortexa9_0
10:19:59 INFO  : ps7_cortexa9_0 Processor is in use. Please stop existing Run or Debug sessions before launching.
10:20:01 INFO  : Processor reset is completed for ps7_cortexa9_0
10:20:14 INFO  : Processor reset is completed for ps7_cortexa9_0
10:20:22 INFO  : ps7_cortexa9_0 Processor is in use. Please stop existing Run or Debug sessions before launching.
10:20:24 INFO  : Processor reset is completed for ps7_cortexa9_0
10:20:40 INFO  : ps7_cortexa9_0 Processor is in use. Please stop existing Run or Debug sessions before launching.
10:20:42 INFO  : Processor reset is completed for ps7_cortexa9_0
10:23:46 INFO  : ps7_cortexa9_0 Processor is in use. Please stop existing Run or Debug sessions before launching.
10:23:48 INFO  : Processor reset is completed for ps7_cortexa9_0
10:24:38 INFO  : ps7_cortexa9_0 Processor is in use. Please stop existing Run or Debug sessions before launching.
10:24:40 INFO  : Processor reset is completed for ps7_cortexa9_0
10:26:23 INFO  : ps7_cortexa9_0 Processor is in use. Please stop existing Run or Debug sessions before launching.
10:26:25 INFO  : Processor reset is completed for ps7_cortexa9_0
10:26:34 INFO  : ps7_cortexa9_0 Processor is in use. Please stop existing Run or Debug sessions before launching.
10:26:35 INFO  : Processor reset is completed for ps7_cortexa9_0
10:26:43 INFO  : ps7_cortexa9_0 Processor is in use. Please stop existing Run or Debug sessions before launching.
10:26:44 INFO  : Processor reset is completed for ps7_cortexa9_0
10:44:20 INFO  : ps7_cortexa9_0 Processor is in use. Please stop existing Run or Debug sessions before launching.
10:44:22 INFO  : Processor reset is completed for ps7_cortexa9_0
10:49:31 INFO  : ps7_cortexa9_0 Processor is in use. Please stop existing Run or Debug sessions before launching.
10:49:33 INFO  : Processor reset is completed for ps7_cortexa9_0
10:50:17 INFO  : ps7_cortexa9_0 Processor is in use. Please stop existing Run or Debug sessions before launching.
10:50:21 INFO  : Processor reset is completed for ps7_cortexa9_0
10:51:17 INFO  : ps7_cortexa9_0 Processor is in use. Please stop existing Run or Debug sessions before launching.
10:51:19 INFO  : Processor reset is completed for ps7_cortexa9_0
10:51:55 INFO  : ps7_cortexa9_0 Processor is in use. Please stop existing Run or Debug sessions before launching.
10:51:57 INFO  : Processor reset is completed for ps7_cortexa9_0
10:52:55 INFO  : ps7_cortexa9_0 Processor is in use. Please stop existing Run or Debug sessions before launching.
10:52:57 INFO  : Processor reset is completed for ps7_cortexa9_0
10:53:40 INFO  : ps7_cortexa9_0 Processor is in use. Please stop existing Run or Debug sessions before launching.
10:53:42 INFO  : Processor reset is completed for ps7_cortexa9_0
10:54:09 INFO  : ps7_cortexa9_0 Processor is in use. Please stop existing Run or Debug sessions before launching.
10:54:12 INFO  : Processor reset is completed for ps7_cortexa9_0
10:56:22 INFO  : ps7_cortexa9_0 Processor is in use. Please stop existing Run or Debug sessions before launching.
10:56:24 INFO  : Processor reset is completed for ps7_cortexa9_0
10:57:36 INFO  : ps7_cortexa9_0 Processor is in use. Please stop existing Run or Debug sessions before launching.
10:57:37 INFO  : Processor reset is completed for ps7_cortexa9_0
10:59:26 INFO  : ps7_cortexa9_0 Processor is in use. Please stop existing Run or Debug sessions before launching.
10:59:28 INFO  : Processor reset is completed for ps7_cortexa9_0
10:59:50 INFO  : ps7_cortexa9_0 Processor is in use. Please stop existing Run or Debug sessions before launching.
10:59:52 INFO  : Processor reset is completed for ps7_cortexa9_0
11:01:11 INFO  : ps7_cortexa9_0 Processor is in use. Please stop existing Run or Debug sessions before launching.
11:01:12 INFO  : Processor reset is completed for ps7_cortexa9_0
11:10:09 INFO  : ps7_cortexa9_0 Processor is in use. Please stop existing Run or Debug sessions before launching.
11:10:11 INFO  : Processor reset is completed for ps7_cortexa9_0
11:10:47 INFO  : ps7_cortexa9_0 Processor is in use. Please stop existing Run or Debug sessions before launching.
11:10:49 INFO  : Processor reset is completed for ps7_cortexa9_0
11:13:08 INFO  : ps7_cortexa9_0 Processor is in use. Please stop existing Run or Debug sessions before launching.
11:13:10 INFO  : Processor reset is completed for ps7_cortexa9_0
11:14:42 INFO  : ps7_cortexa9_0 Processor is in use. Please stop existing Run or Debug sessions before launching.
11:14:44 INFO  : Processor reset is completed for ps7_cortexa9_0
11:15:20 INFO  : ps7_cortexa9_0 Processor is in use. Please stop existing Run or Debug sessions before launching.
11:15:22 INFO  : Processor reset is completed for ps7_cortexa9_0
11:16:49 INFO  : ps7_cortexa9_0 Processor is in use. Please stop existing Run or Debug sessions before launching.
11:16:50 INFO  : Processor reset is completed for ps7_cortexa9_0
11:20:01 INFO  : ps7_cortexa9_0 Processor is in use. Please stop existing Run or Debug sessions before launching.
11:20:03 INFO  : Processor reset is completed for ps7_cortexa9_0
11:20:27 INFO  : ps7_cortexa9_0 Processor is in use. Please stop existing Run or Debug sessions before launching.
11:20:29 INFO  : Processor reset is completed for ps7_cortexa9_0
11:22:18 INFO  : ps7_cortexa9_0 Processor is in use. Please stop existing Run or Debug sessions before launching.
11:22:20 INFO  : Processor reset is completed for ps7_cortexa9_0
11:22:26 INFO  : ps7_cortexa9_0 Processor is in use. Please stop existing Run or Debug sessions before launching.
11:22:28 INFO  : Processor reset is completed for ps7_cortexa9_0
11:22:59 INFO  : ps7_cortexa9_0 Processor is in use. Please stop existing Run or Debug sessions before launching.
11:23:01 INFO  : Processor reset is completed for ps7_cortexa9_0
11:23:16 INFO  : ps7_cortexa9_0 Processor is in use. Please stop existing Run or Debug sessions before launching.
11:23:19 INFO  : Processor reset is completed for ps7_cortexa9_0
11:24:08 INFO  : ps7_cortexa9_0 Processor is in use. Please stop existing Run or Debug sessions before launching.
11:24:09 INFO  : Processor reset is completed for ps7_cortexa9_0
11:25:33 INFO  : ps7_cortexa9_0 Processor is in use. Please stop existing Run or Debug sessions before launching.
11:25:35 INFO  : Processor reset is completed for ps7_cortexa9_0
11:25:57 INFO  : ps7_cortexa9_0 Processor is in use. Please stop existing Run or Debug sessions before launching.
11:25:58 INFO  : Processor reset is completed for ps7_cortexa9_0
11:29:05 INFO  : ps7_cortexa9_0 Processor is in use. Please stop existing Run or Debug sessions before launching.
11:29:07 INFO  : Processor reset is completed for ps7_cortexa9_0
11:29:38 INFO  : ps7_cortexa9_0 Processor is in use. Please stop existing Run or Debug sessions before launching.
11:29:40 INFO  : Processor reset is completed for ps7_cortexa9_0
11:30:38 INFO  : ps7_cortexa9_0 Processor is in use. Please stop existing Run or Debug sessions before launching.
11:30:40 INFO  : Processor reset is completed for ps7_cortexa9_0
11:31:22 INFO  : ps7_cortexa9_0 Processor is in use. Please stop existing Run or Debug sessions before launching.
11:31:24 INFO  : Processor reset is completed for ps7_cortexa9_0
08:03:13 ERROR : Unexpected error while parsing XMD response ￿: com.google.gson.JsonSyntaxException: com.google.gson.stream.MalformedJsonException: invalid number or unquoted string near 
08:49:31 INFO  : Launching XSDB server: xsdb -n /home/thomas/Programs/Xilinx/SDK/2015.4/scripts/xsdb/xsdb/xsdb-server.tcl
08:49:33 INFO  : XSDB server has started successfully.
08:49:33 INFO  : Processing command line option -hwspec /home/thomas/Documents/Git/Electronics/EMB/rtcs/rtcs/rtcs.sdk/rtcs_system_wrapper.hdf.
08:49:33 INFO  : Checking for hwspec changes in the project rtcs_system_wrapper_hw_platform_0.
09:11:02 INFO  : SDK has detected change in the last modified timestamps for source hardware specification file Source:1460704239000,  Project:1460101861000
09:11:02 INFO  : Project rtcs_system_wrapper_hw_platform_0's source hardware specification located at /home/thomas/Documents/Git/Electronics/EMB/rtcs/rtcs/rtcs.sdk/rtcs_system_wrapper.hdf is now different from the local copy.
		 The local copy will be replaced with the source specification and your workspace will be updated.
09:11:14 INFO  : Copied contents of /home/thomas/Documents/Git/Electronics/EMB/rtcs/rtcs/rtcs.sdk/rtcs_system_wrapper.hdf into /rtcs_system_wrapper_hw_platform_0/system.hdf.
09:11:20 INFO  : Synchronizing projects in the workspace with the hardware platform specification changes.
09:11:22 INFO  : 
09:11:23 INFO  : Updating hardware inferred compiler options for rtcs.
09:11:23 INFO  : Clearing existing target manager status.
09:26:52 ERROR : Unexpected error while parsing XMD response ￿: com.google.gson.JsonSyntaxException: com.google.gson.stream.MalformedJsonException: invalid number or unquoted string near 
09:27:07 INFO  : Launching XSDB server: xsdb -n /home/thomas/Programs/Xilinx/SDK/2015.4/scripts/xsdb/xsdb/xsdb-server.tcl
09:27:09 INFO  : XSDB server has started successfully.
09:27:09 INFO  : Processing command line option -hwspec /home/thomas/Documents/Git/Electronics/EMB/rtcs/rtcs/rtcs.sdk/rtcs_system_wrapper.hdf.
09:27:09 INFO  : Checking for hwspec changes in the project rtcs_system_wrapper_hw_platform_0.
09:44:06 INFO  : Connected to target on host '127.0.0.1' and port '3121'.
09:44:06 INFO  : 'targets -set -filter {jtag_cable_name =~ "Digilent Zybo 210279772600A" && level==0} -index 1' command is executed.
09:44:07 INFO  : FPGA configured successfully with bitstream "/home/thomas/Documents/Git/Electronics/EMB/rtcs/rtcs/rtcs.sdk/rtcs_system_wrapper_hw_platform_0/rtcs_system_wrapper.bit"
09:44:29 INFO  : ps7_init is completed.
09:44:29 INFO  : ps7_post_config is completed.
09:44:30 INFO  : Processor reset is completed for ps7_cortexa9_0
09:45:24 INFO  : ps7_cortexa9_0 Processor is in use. Please stop existing Run or Debug sessions before launching.
09:45:26 INFO  : Processor reset is completed for ps7_cortexa9_0
09:45:41 INFO  : ps7_cortexa9_0 Processor is in use. Please stop existing Run or Debug sessions before launching.
09:45:43 INFO  : Processor reset is completed for ps7_cortexa9_0
09:52:06 INFO  : Processor reset is completed for ps7_cortexa9_0
09:59:14 INFO  : ps7_cortexa9_0 Processor is in use. Please stop existing Run or Debug sessions before launching.
09:59:16 INFO  : Processor reset is completed for ps7_cortexa9_0
10:26:39 INFO  : ps7_cortexa9_0 Processor is in use. Please stop existing Run or Debug sessions before launching.
10:26:41 INFO  : Processor reset is completed for ps7_cortexa9_0
10:41:52 INFO  : ps7_cortexa9_0 Processor is in use. Please stop existing Run or Debug sessions before launching.
10:41:54 INFO  : Processor reset is completed for ps7_cortexa9_0
10:45:36 INFO  : ps7_cortexa9_0 Processor is in use. Please stop existing Run or Debug sessions before launching.
10:45:38 INFO  : Processor reset is completed for ps7_cortexa9_0
10:47:13 INFO  : ps7_cortexa9_0 Processor is in use. Please stop existing Run or Debug sessions before launching.
10:47:15 INFO  : Processor reset is completed for ps7_cortexa9_0
10:48:26 INFO  : Processor reset is completed for ps7_cortexa9_0
10:51:00 INFO  : ps7_cortexa9_0 Processor is in use. Please stop existing Run or Debug sessions before launching.
10:51:02 INFO  : Processor reset is completed for ps7_cortexa9_0
10:55:40 INFO  : ps7_cortexa9_0 Processor is in use. Please stop existing Run or Debug sessions before launching.
10:55:44 INFO  : Processor reset is completed for ps7_cortexa9_0
10:56:22 INFO  : ps7_cortexa9_0 Processor is in use. Please stop existing Run or Debug sessions before launching.
10:56:25 INFO  : Processor reset is completed for ps7_cortexa9_0
10:58:51 INFO  : ps7_cortexa9_0 Processor is in use. Please stop existing Run or Debug sessions before launching.
10:58:53 INFO  : Processor reset is completed for ps7_cortexa9_0
11:00:11 INFO  : ps7_cortexa9_0 Processor is in use. Please stop existing Run or Debug sessions before launching.
11:00:13 INFO  : Processor reset is completed for ps7_cortexa9_0
11:01:25 INFO  : ps7_cortexa9_0 Processor is in use. Please stop existing Run or Debug sessions before launching.
11:01:27 INFO  : Processor reset is completed for ps7_cortexa9_0
11:02:17 INFO  : ps7_cortexa9_0 Processor is in use. Please stop existing Run or Debug sessions before launching.
11:02:19 INFO  : Processor reset is completed for ps7_cortexa9_0
11:08:31 INFO  : ps7_cortexa9_0 Processor is in use. Please stop existing Run or Debug sessions before launching.
11:08:33 INFO  : Processor reset is completed for ps7_cortexa9_0
11:09:44 INFO  : ps7_cortexa9_0 Processor is in use. Please stop existing Run or Debug sessions before launching.
11:09:46 INFO  : Processor reset is completed for ps7_cortexa9_0
11:10:24 INFO  : ps7_cortexa9_0 Processor is in use. Please stop existing Run or Debug sessions before launching.
11:10:26 INFO  : Processor reset is completed for ps7_cortexa9_0
11:10:54 INFO  : Processor reset is completed for ps7_cortexa9_0
11:11:43 INFO  : ps7_cortexa9_0 Processor is in use. Please stop existing Run or Debug sessions before launching.
11:11:45 INFO  : Processor reset is completed for ps7_cortexa9_0
11:12:16 INFO  : ps7_cortexa9_0 Processor is in use. Please stop existing Run or Debug sessions before launching.
11:12:17 INFO  : Processor reset is completed for ps7_cortexa9_0
11:12:38 INFO  : ps7_cortexa9_0 Processor is in use. Please stop existing Run or Debug sessions before launching.
11:12:40 INFO  : Processor reset is completed for ps7_cortexa9_0
11:13:20 INFO  : ps7_cortexa9_0 Processor is in use. Please stop existing Run or Debug sessions before launching.
11:13:22 INFO  : Processor reset is completed for ps7_cortexa9_0
11:14:03 INFO  : ps7_cortexa9_0 Processor is in use. Please stop existing Run or Debug sessions before launching.
11:14:05 INFO  : Processor reset is completed for ps7_cortexa9_0
11:14:37 INFO  : ps7_cortexa9_0 Processor is in use. Please stop existing Run or Debug sessions before launching.
11:14:38 INFO  : Processor reset is completed for ps7_cortexa9_0
11:15:00 INFO  : ps7_cortexa9_0 Processor is in use. Please stop existing Run or Debug sessions before launching.
11:15:02 INFO  : Processor reset is completed for ps7_cortexa9_0
11:17:35 INFO  : ps7_cortexa9_0 Processor is in use. Please stop existing Run or Debug sessions before launching.
11:17:37 INFO  : Processor reset is completed for ps7_cortexa9_0
11:19:04 INFO  : ps7_cortexa9_0 Processor is in use. Please stop existing Run or Debug sessions before launching.
11:19:05 INFO  : Processor reset is completed for ps7_cortexa9_0
11:20:05 INFO  : ps7_cortexa9_0 Processor is in use. Please stop existing Run or Debug sessions before launching.
11:20:07 INFO  : Processor reset is completed for ps7_cortexa9_0
11:20:21 INFO  : ps7_cortexa9_0 Processor is in use. Please stop existing Run or Debug sessions before launching.
11:20:23 INFO  : Processor reset is completed for ps7_cortexa9_0
11:21:07 INFO  : Processor reset is completed for ps7_cortexa9_0
11:22:36 INFO  : ps7_cortexa9_0 Processor is in use. Please stop existing Run or Debug sessions before launching.
11:22:38 INFO  : Processor reset is completed for ps7_cortexa9_0
11:27:48 INFO  : ps7_cortexa9_0 Processor is in use. Please stop existing Run or Debug sessions before launching.
11:27:50 INFO  : Processor reset is completed for ps7_cortexa9_0
11:28:21 INFO  : ps7_cortexa9_0 Processor is in use. Please stop existing Run or Debug sessions before launching.
11:28:22 INFO  : Processor reset is completed for ps7_cortexa9_0
11:33:59 INFO  : ps7_cortexa9_0 Processor is in use. Please stop existing Run or Debug sessions before launching.
11:34:01 INFO  : Processor reset is completed for ps7_cortexa9_0
11:38:15 INFO  : ps7_cortexa9_0 Processor is in use. Please stop existing Run or Debug sessions before launching.
11:38:16 INFO  : Processor reset is completed for ps7_cortexa9_0
11:42:03 INFO  : ps7_cortexa9_0 Processor is in use. Please stop existing Run or Debug sessions before launching.
11:42:05 INFO  : Processor reset is completed for ps7_cortexa9_0
11:42:40 INFO  : ps7_cortexa9_0 Processor is in use. Please stop existing Run or Debug sessions before launching.
11:42:42 INFO  : Processor reset is completed for ps7_cortexa9_0
11:42:54 INFO  : ps7_cortexa9_0 Processor is in use. Please stop existing Run or Debug sessions before launching.
11:42:56 INFO  : Processor reset is completed for ps7_cortexa9_0
11:45:27 INFO  : ps7_cortexa9_0 Processor is in use. Please stop existing Run or Debug sessions before launching.
11:45:29 INFO  : Processor reset is completed for ps7_cortexa9_0
11:47:52 INFO  : ps7_cortexa9_0 Processor is in use. Please stop existing Run or Debug sessions before launching.
11:47:54 INFO  : Processor reset is completed for ps7_cortexa9_0
11:48:54 INFO  : ps7_cortexa9_0 Processor is in use. Please stop existing Run or Debug sessions before launching.
11:48:56 INFO  : Processor reset is completed for ps7_cortexa9_0
11:49:25 INFO  : ps7_cortexa9_0 Processor is in use. Please stop existing Run or Debug sessions before launching.
11:49:28 INFO  : Processor reset is completed for ps7_cortexa9_0
12:42:24 INFO  : ps7_cortexa9_0 Processor is in use. Please stop existing Run or Debug sessions before launching.
12:42:26 INFO  : Processor reset is completed for ps7_cortexa9_0
13:41:13 ERROR : Unexpected error while parsing XMD response ￿: com.google.gson.JsonSyntaxException: com.google.gson.stream.MalformedJsonException: invalid number or unquoted string near 
