Duplicated file found; will not be sent for synthesis: /home/thomas/Documents/Git/Electronics/EMB/rtcs/rtcs/rtcs.srcs/sources_1/bd/rtcs_system/ipshared/xilinx.com/lib_cdc_v1_0/hdl/src/vhdl/cdc_sync.vhd
Duplicated file found; will not be sent for synthesis: /home/thomas/Documents/Git/Electronics/EMB/rtcs/rtcs/rtcs.srcs/sources_1/bd/rtcs_system/ipshared/xilinx.com/axi_lite_ipif_v3_0/hdl/src/vhdl/ipif_pkg.vhd
Duplicated file found; will not be sent for synthesis: /home/thomas/Documents/Git/Electronics/EMB/rtcs/rtcs/rtcs.srcs/sources_1/bd/rtcs_system/ipshared/xilinx.com/axi_lite_ipif_v3_0/hdl/src/vhdl/pselect_f.vhd
Duplicated file found; will not be sent for synthesis: /home/thomas/Documents/Git/Electronics/EMB/rtcs/rtcs/rtcs.srcs/sources_1/bd/rtcs_system/ipshared/xilinx.com/axi_lite_ipif_v3_0/hdl/src/vhdl/address_decoder.vhd
Duplicated file found; will not be sent for synthesis: /home/thomas/Documents/Git/Electronics/EMB/rtcs/rtcs/rtcs.srcs/sources_1/bd/rtcs_system/ipshared/xilinx.com/axi_lite_ipif_v3_0/hdl/src/vhdl/slave_attachment.vhd
Duplicated file found; will not be sent for synthesis: /home/thomas/Documents/Git/Electronics/EMB/rtcs/rtcs/rtcs.srcs/sources_1/bd/rtcs_system/ipshared/xilinx.com/axi_lite_ipif_v3_0/hdl/src/vhdl/axi_lite_ipif.vhd
Duplicated file found; will not be sent for synthesis: /home/thomas/Documents/Git/Electronics/EMB/rtcs/rtcs/rtcs.srcs/sources_1/bd/rtcs_system/ipshared/xilinx.com/lib_cdc_v1_0/hdl/src/vhdl/cdc_sync.vhd
Duplicated file found; will not be sent for synthesis: /home/thomas/Documents/Git/Electronics/EMB/rtcs/rtcs/rtcs.srcs/sources_1/bd/rtcs_system/ipshared/xilinx.com/interrupt_control_v3_1/hdl/src/vhdl/interrupt_control.vhd
Duplicated file found; will not be sent for synthesis: /home/thomas/Documents/Git/Electronics/EMB/rtcs/rtcs/rtcs.srcs/sources_1/bd/rtcs_system/ipshared/xilinx.com/axi_gpio_v2_0/hdl/src/vhdl/gpio_core.vhd
Duplicated file found; will not be sent for synthesis: /home/thomas/Documents/Git/Electronics/EMB/rtcs/rtcs/rtcs.srcs/sources_1/bd/rtcs_system/ipshared/xilinx.com/axi_gpio_v2_0/hdl/src/vhdl/axi_gpio.vhd
Duplicated file found; will not be sent for synthesis: /home/thomas/Documents/Git/Electronics/EMB/rtcs/rtcs/rtcs.srcs/sources_1/bd/rtcs_system/ipshared/xilinx.com/axi_lite_ipif_v3_0/hdl/src/vhdl/ipif_pkg.vhd
Duplicated file found; will not be sent for synthesis: /home/thomas/Documents/Git/Electronics/EMB/rtcs/rtcs/rtcs.srcs/sources_1/bd/rtcs_system/ipshared/xilinx.com/axi_lite_ipif_v3_0/hdl/src/vhdl/pselect_f.vhd
Duplicated file found; will not be sent for synthesis: /home/thomas/Documents/Git/Electronics/EMB/rtcs/rtcs/rtcs.srcs/sources_1/bd/rtcs_system/ipshared/xilinx.com/axi_lite_ipif_v3_0/hdl/src/vhdl/address_decoder.vhd
Duplicated file found; will not be sent for synthesis: /home/thomas/Documents/Git/Electronics/EMB/rtcs/rtcs/rtcs.srcs/sources_1/bd/rtcs_system/ipshared/xilinx.com/axi_lite_ipif_v3_0/hdl/src/vhdl/slave_attachment.vhd
Duplicated file found; will not be sent for synthesis: /home/thomas/Documents/Git/Electronics/EMB/rtcs/rtcs/rtcs.srcs/sources_1/bd/rtcs_system/ipshared/xilinx.com/axi_lite_ipif_v3_0/hdl/src/vhdl/axi_lite_ipif.vhd
Duplicated file found; will not be sent for synthesis: /home/thomas/Documents/Git/Electronics/EMB/rtcs/rtcs/rtcs.srcs/sources_1/bd/rtcs_system/ipshared/xilinx.com/lib_cdc_v1_0/hdl/src/vhdl/cdc_sync.vhd
Duplicated file found; will not be sent for synthesis: /home/thomas/Documents/Git/Electronics/EMB/rtcs/rtcs/rtcs.srcs/sources_1/bd/rtcs_system/ipshared/xilinx.com/generic_baseblocks_v2_1/hdl/verilog/generic_baseblocks_v2_1_carry_and.v
Duplicated file found; will not be sent for synthesis: /home/thomas/Documents/Git/Electronics/EMB/rtcs/rtcs/rtcs.srcs/sources_1/bd/rtcs_system/ipshared/xilinx.com/generic_baseblocks_v2_1/hdl/verilog/generic_baseblocks_v2_1_carry_latch_and.v
Duplicated file found; will not be sent for synthesis: /home/thomas/Documents/Git/Electronics/EMB/rtcs/rtcs/rtcs.srcs/sources_1/bd/rtcs_system/ipshared/xilinx.com/generic_baseblocks_v2_1/hdl/verilog/generic_baseblocks_v2_1_carry_latch_or.v
Duplicated file found; will not be sent for synthesis: /home/thomas/Documents/Git/Electronics/EMB/rtcs/rtcs/rtcs.srcs/sources_1/bd/rtcs_system/ipshared/xilinx.com/generic_baseblocks_v2_1/hdl/verilog/generic_baseblocks_v2_1_carry_or.v
Duplicated file found; will not be sent for synthesis: /home/thomas/Documents/Git/Electronics/EMB/rtcs/rtcs/rtcs.srcs/sources_1/bd/rtcs_system/ipshared/xilinx.com/generic_baseblocks_v2_1/hdl/verilog/generic_baseblocks_v2_1_carry.v
Duplicated file found; will not be sent for synthesis: /home/thomas/Documents/Git/Electronics/EMB/rtcs/rtcs/rtcs.srcs/sources_1/bd/rtcs_system/ipshared/xilinx.com/generic_baseblocks_v2_1/hdl/verilog/generic_baseblocks_v2_1_command_fifo.v
Duplicated file found; will not be sent for synthesis: /home/thomas/Documents/Git/Electronics/EMB/rtcs/rtcs/rtcs.srcs/sources_1/bd/rtcs_system/ipshared/xilinx.com/generic_baseblocks_v2_1/hdl/verilog/generic_baseblocks_v2_1_comparator_mask_static.v
Duplicated file found; will not be sent for synthesis: /home/thomas/Documents/Git/Electronics/EMB/rtcs/rtcs/rtcs.srcs/sources_1/bd/rtcs_system/ipshared/xilinx.com/generic_baseblocks_v2_1/hdl/verilog/generic_baseblocks_v2_1_comparator_mask.v
Duplicated file found; will not be sent for synthesis: /home/thomas/Documents/Git/Electronics/EMB/rtcs/rtcs/rtcs.srcs/sources_1/bd/rtcs_system/ipshared/xilinx.com/generic_baseblocks_v2_1/hdl/verilog/generic_baseblocks_v2_1_comparator_sel_mask_static.v
Duplicated file found; will not be sent for synthesis: /home/thomas/Documents/Git/Electronics/EMB/rtcs/rtcs/rtcs.srcs/sources_1/bd/rtcs_system/ipshared/xilinx.com/generic_baseblocks_v2_1/hdl/verilog/generic_baseblocks_v2_1_comparator_sel_mask.v
Duplicated file found; will not be sent for synthesis: /home/thomas/Documents/Git/Electronics/EMB/rtcs/rtcs/rtcs.srcs/sources_1/bd/rtcs_system/ipshared/xilinx.com/generic_baseblocks_v2_1/hdl/verilog/generic_baseblocks_v2_1_comparator_sel_static.v
Duplicated file found; will not be sent for synthesis: /home/thomas/Documents/Git/Electronics/EMB/rtcs/rtcs/rtcs.srcs/sources_1/bd/rtcs_system/ipshared/xilinx.com/generic_baseblocks_v2_1/hdl/verilog/generic_baseblocks_v2_1_comparator_sel.v
Duplicated file found; will not be sent for synthesis: /home/thomas/Documents/Git/Electronics/EMB/rtcs/rtcs/rtcs.srcs/sources_1/bd/rtcs_system/ipshared/xilinx.com/generic_baseblocks_v2_1/hdl/verilog/generic_baseblocks_v2_1_comparator_static.v
Duplicated file found; will not be sent for synthesis: /home/thomas/Documents/Git/Electronics/EMB/rtcs/rtcs/rtcs.srcs/sources_1/bd/rtcs_system/ipshared/xilinx.com/generic_baseblocks_v2_1/hdl/verilog/generic_baseblocks_v2_1_comparator.v
Duplicated file found; will not be sent for synthesis: /home/thomas/Documents/Git/Electronics/EMB/rtcs/rtcs/rtcs.srcs/sources_1/bd/rtcs_system/ipshared/xilinx.com/generic_baseblocks_v2_1/hdl/verilog/generic_baseblocks_v2_1_mux_enc.v
Duplicated file found; will not be sent for synthesis: /home/thomas/Documents/Git/Electronics/EMB/rtcs/rtcs/rtcs.srcs/sources_1/bd/rtcs_system/ipshared/xilinx.com/generic_baseblocks_v2_1/hdl/verilog/generic_baseblocks_v2_1_mux.v
Duplicated file found; will not be sent for synthesis: /home/thomas/Documents/Git/Electronics/EMB/rtcs/rtcs/rtcs.srcs/sources_1/bd/rtcs_system/ipshared/xilinx.com/generic_baseblocks_v2_1/hdl/verilog/generic_baseblocks_v2_1_nto1_mux.v
Duplicated file found; will not be sent for synthesis: /home/thomas/Documents/Git/Electronics/EMB/rtcs/rtcs/rtcs.srcs/sources_1/bd/rtcs_system/ipshared/xilinx.com/axi_data_fifo_v2_1/hdl/verilog/axi_data_fifo_v2_1_axic_fifo.v
Duplicated file found; will not be sent for synthesis: /home/thomas/Documents/Git/Electronics/EMB/rtcs/rtcs/rtcs.srcs/sources_1/bd/rtcs_system/ipshared/xilinx.com/axi_data_fifo_v2_1/hdl/verilog/axi_data_fifo_v2_1_fifo_gen.v
Duplicated file found; will not be sent for synthesis: /home/thomas/Documents/Git/Electronics/EMB/rtcs/rtcs/rtcs.srcs/sources_1/bd/rtcs_system/ipshared/xilinx.com/axi_data_fifo_v2_1/hdl/verilog/axi_data_fifo_v2_1_axic_srl_fifo.v
Duplicated file found; will not be sent for synthesis: /home/thomas/Documents/Git/Electronics/EMB/rtcs/rtcs/rtcs.srcs/sources_1/bd/rtcs_system/ipshared/xilinx.com/axi_data_fifo_v2_1/hdl/verilog/axi_data_fifo_v2_1_axic_reg_srl_fifo.v
Duplicated file found; will not be sent for synthesis: /home/thomas/Documents/Git/Electronics/EMB/rtcs/rtcs/rtcs.srcs/sources_1/bd/rtcs_system/ipshared/xilinx.com/axi_data_fifo_v2_1/hdl/verilog/axi_data_fifo_v2_1_ndeep_srl.v
Duplicated file found; will not be sent for synthesis: /home/thomas/Documents/Git/Electronics/EMB/rtcs/rtcs/rtcs.srcs/sources_1/bd/rtcs_system/ipshared/xilinx.com/axi_data_fifo_v2_1/hdl/verilog/axi_data_fifo_v2_1_axi_data_fifo.v
Duplicated file found; will not be sent for synthesis: /home/thomas/Documents/Git/Electronics/EMB/rtcs/rtcs/rtcs.srcs/sources_1/bd/rtcs_system/ipshared/xilinx.com/axi_infrastructure_v1_1/hdl/verilog/axi_infrastructure_v1_1_0_header.vh
Duplicated file found; will not be sent for synthesis: /home/thomas/Documents/Git/Electronics/EMB/rtcs/rtcs/rtcs.srcs/sources_1/bd/rtcs_system/ipshared/xilinx.com/axi_infrastructure_v1_1/hdl/verilog/axi_infrastructure_v1_1_axi2vector.v
Duplicated file found; will not be sent for synthesis: /home/thomas/Documents/Git/Electronics/EMB/rtcs/rtcs/rtcs.srcs/sources_1/bd/rtcs_system/ipshared/xilinx.com/axi_infrastructure_v1_1/hdl/verilog/axi_infrastructure_v1_1_axic_srl_fifo.v
Duplicated file found; will not be sent for synthesis: /home/thomas/Documents/Git/Electronics/EMB/rtcs/rtcs/rtcs.srcs/sources_1/bd/rtcs_system/ipshared/xilinx.com/axi_infrastructure_v1_1/hdl/verilog/axi_infrastructure_v1_1_vector2axi.v
Duplicated file found; will not be sent for synthesis: /home/thomas/Documents/Git/Electronics/EMB/rtcs/rtcs/rtcs.srcs/sources_1/bd/rtcs_system/ipshared/xilinx.com/axi_register_slice_v2_1/hdl/verilog/axi_register_slice_v2_1_axic_register_slice.v
Duplicated file found; will not be sent for synthesis: /home/thomas/Documents/Git/Electronics/EMB/rtcs/rtcs/rtcs.srcs/sources_1/bd/rtcs_system/ipshared/xilinx.com/axi_register_slice_v2_1/hdl/verilog/axi_register_slice_v2_1_axi_register_slice.v
Duplicated file found; will not be sent for synthesis: /home/thomas/Documents/Git/Electronics/EMB/rtcs/rtcs/rtcs.srcs/sources_1/bd/rtcs_system/ipshared/xilinx.com/blk_mem_gen_v8_3/hdl/blk_mem_gen_v8_3_vhsyn_rfs.vhd
Duplicated file found; will not be sent for synthesis: /home/thomas/Documents/Git/Electronics/EMB/rtcs/rtcs/rtcs.srcs/sources_1/bd/rtcs_system/ipshared/xilinx.com/blk_mem_gen_v8_3/hdl/blk_mem_gen_v8_3.vhd
Duplicated file found; will not be sent for synthesis: /home/thomas/Documents/Git/Electronics/EMB/rtcs/rtcs/rtcs.srcs/sources_1/bd/rtcs_system/ipshared/xilinx.com/fifo_generator_v13_0/hdl/fifo_generator_v13_0_vhsyn_rfs.vhd
Duplicated file found; will not be sent for synthesis: /home/thomas/Documents/Git/Electronics/EMB/rtcs/rtcs/rtcs.srcs/sources_1/bd/rtcs_system/ipshared/xilinx.com/fifo_generator_v13_0/hdl/fifo_generator_v13_0.vhd
CRC performance measure: elapsed=00:00:00s;;memory_peak=1033.723MB;;memory_gain=0.000MB
