Copyright 1986-2015 Xilinx, Inc. All Rights Reserved.
------------------------------------------------------------------------------------------------
| Tool Version : Vivado v.2015.4.1 (lin64) Build 1431336 Fri Dec 11 14:52:39 MST 2015
| Date         : Fri Apr 15 09:09:43 2016
| Host         : Lenovo-G580 running 64-bit Ubuntu 15.04
| Command      : report_control_sets -verbose -file rtcs_system_wrapper_control_sets_placed.rpt
| Design       : rtcs_system_wrapper
| Device       : xc7z010
------------------------------------------------------------------------------------------------

Control Set Information

Table of Contents
-----------------
1. Summary
2. Flip-Flop Distribution
3. Detailed Control Set Information

1. Summary
----------

+-------------------------------------------------------------------+-------+
|                               Status                              | Count |
+-------------------------------------------------------------------+-------+
| Number of unique control sets                                     |    61 |
| Minimum Number of register sites lost to control set restrictions |   133 |
+-------------------------------------------------------------------+-------+


2. Flip-Flop Distribution
-------------------------

+--------------+-----------------------+------------------------+-----------------+--------------+
| Clock Enable | Synchronous Set/Reset | Asynchronous Set/Reset | Total Registers | Total Slices |
+--------------+-----------------------+------------------------+-----------------+--------------+
| No           | No                    | No                     |             148 |           50 |
| No           | No                    | Yes                    |               0 |            0 |
| No           | Yes                   | No                     |             235 |           75 |
| Yes          | No                    | No                     |             472 |          107 |
| Yes          | No                    | Yes                    |               0 |            0 |
| Yes          | Yes                   | No                     |             324 |          117 |
+--------------+-----------------------+------------------------+-----------------+--------------+


3. Detailed Control Set Information
-----------------------------------

+----------------------------------------------------+---------------------------------------------------------------------------------------------------------------------------------------------------------------------------------+------------------------------------------------------------------------------------------------------------------------------------------------------------+------------------+----------------+
|                    Clock Signal                    |                                                                                  Enable Signal                                                                                  |                                                                      Set/Reset Signal                                                                      | Slice Load Count | Bel Load Count |
+----------------------------------------------------+---------------------------------------------------------------------------------------------------------------------------------------------------------------------------------+------------------------------------------------------------------------------------------------------------------------------------------------------------+------------------+----------------+
|  rtcs_system_i/processing_system7_0/inst/FCLK_CLK0 |                                                                                                                                                                                 | rtcs_system_i/axi_timer_0/U0/AXI4_LITE_I/I_SLAVE_ATTACHMENT/I_DECODER/TCSR0_GENERATE[23].TCSR0_FF_I_0                                                      |                1 |              1 |
|  rtcs_system_i/processing_system7_0/inst/FCLK_CLK0 |                                                                                                                                                                                 | rtcs_system_i/axi_timer_0/U0/AXI4_LITE_I/I_SLAVE_ATTACHMENT/I_DECODER/TCSR1_GENERATE[23].TCSR1_FF_I                                                        |                1 |              1 |
|  rtcs_system_i/processing_system7_0/inst/FCLK_CLK0 | rtcs_system_i/processing_system7_0_axi_periph/s00_couplers/auto_pc/inst/gen_axilite.gen_b2s_conv.axilite_b2s/WR.b_channel_0/bid_fifo_0/bresp_push                               |                                                                                                                                                            |                1 |              2 |
|  rtcs_system_i/processing_system7_0/inst/FCLK_CLK0 | rtcs_system_i/processing_system7_0_axi_periph/s00_couplers/auto_pc/inst/gen_axilite.gen_b2s_conv.axilite_b2s/WR.aw_channel_0/aw_cmd_fsm_0/E[0]                                  |                                                                                                                                                            |                2 |              4 |
|  rtcs_system_i/processing_system7_0/inst/FCLK_CLK0 | rtcs_system_i/axi_gpio_0/U0/AXI_LITE_IPIF_I/I_SLAVE_ATTACHMENT/I_DECODER/Not_Dual.gpio_Data_Out_reg[0][0]                                                                       | rtcs_system_i/axi_gpio_0/U0/AXI_LITE_IPIF_I/I_SLAVE_ATTACHMENT/SR                                                                                          |                1 |              4 |
|  rtcs_system_i/processing_system7_0/inst/FCLK_CLK0 | rtcs_system_i/axi_timer_0/U0/AXI4_LITE_I/I_SLAVE_ATTACHMENT/I_DECODER/CE031_out                                                                                                 | rtcs_system_i/axi_timer_0/U0/TC_CORE_I/COUNTER_0_I/COUNTER_I/SR[0]                                                                                         |                2 |              4 |
|  rtcs_system_i/processing_system7_0/inst/FCLK_CLK0 | rtcs_system_i/processing_system7_0_axi_periph/s00_couplers/auto_pc/inst/gen_axilite.gen_b2s_conv.axilite_b2s/RD.ar_channel_0/ar_cmd_fsm_0/axlen_cnt_reg[0]_0[0]                 |                                                                                                                                                            |                2 |              4 |
|  rtcs_system_i/processing_system7_0/inst/FCLK_CLK0 | rtcs_system_i/processing_system7_0_axi_periph/s00_couplers/auto_pc/inst/gen_axilite.gen_b2s_conv.axilite_b2s/RD.ar_channel_0/ar_cmd_fsm_0/axlen_cnt_reg[4]                      |                                                                                                                                                            |                2 |              4 |
|  rtcs_system_i/processing_system7_0/inst/FCLK_CLK0 | rtcs_system_i/processing_system7_0_axi_periph/s00_couplers/auto_pc/inst/gen_axilite.gen_b2s_conv.axilite_b2s/RD.ar_channel_0/ar_cmd_fsm_0/axlen_cnt_reg[4]                      | rtcs_system_i/processing_system7_0_axi_periph/s00_couplers/auto_pc/inst/gen_axilite.gen_b2s_conv.axilite_b2s/RD.ar_channel_0/ar_cmd_fsm_0/axlen_cnt_reg[7] |                2 |              4 |
|  rtcs_system_i/processing_system7_0/inst/FCLK_CLK0 | rtcs_system_i/processing_system7_0_axi_periph/s00_couplers/auto_pc/inst/gen_axilite.gen_b2s_conv.axilite_b2s/WR.aw_channel_0/aw_cmd_fsm_0/axlen_cnt_reg[4]                      |                                                                                                                                                            |                2 |              4 |
|  rtcs_system_i/processing_system7_0/inst/FCLK_CLK0 | rtcs_system_i/processing_system7_0_axi_periph/s00_couplers/auto_pc/inst/gen_axilite.gen_b2s_conv.axilite_b2s/WR.aw_channel_0/aw_cmd_fsm_0/axlen_cnt_reg[4]                      | rtcs_system_i/processing_system7_0_axi_periph/s00_couplers/auto_pc/inst/gen_axilite.gen_b2s_conv.axilite_b2s/WR.aw_channel_0/aw_cmd_fsm_0/axlen_cnt_reg[7] |                1 |              4 |
|  rtcs_system_i/processing_system7_0/inst/FCLK_CLK0 |                                                                                                                                                                                 | rtcs_system_i/axi_gpio_0/U0/AXI_LITE_IPIF_I/I_SLAVE_ATTACHMENT/INCLUDE_DPHASE_TIMER.dpto_cnt[3]_i_1_n_0                                                    |                1 |              4 |
|  rtcs_system_i/processing_system7_0/inst/FCLK_CLK0 |                                                                                                                                                                                 | rtcs_system_i/axi_gpio_1/U0/AXI_LITE_IPIF_I/I_SLAVE_ATTACHMENT/clear                                                                                       |                1 |              4 |
|  rtcs_system_i/processing_system7_0/inst/FCLK_CLK0 |                                                                                                                                                                                 | rtcs_system_i/rst_processing_system7_0_100M/U0/EXT_LPF/lpf_int                                                                                             |                2 |              5 |
|  rtcs_system_i/processing_system7_0/inst/FCLK_CLK0 |                                                                                                                                                                                 | rtcs_system_i/axi_timer_0/U0/TC_CORE_I/COUNTER_0_I/COUNTER_I/SR[0]                                                                                         |                2 |              5 |
|  rtcs_system_i/processing_system7_0/inst/FCLK_CLK0 | rtcs_system_i/rst_processing_system7_0_100M/U0/SEQ/seq_cnt_en                                                                                                                   | rtcs_system_i/rst_processing_system7_0_100M/U0/SEQ/SEQ_COUNTER/clear                                                                                       |                1 |              6 |
|  rtcs_system_i/processing_system7_0/inst/FCLK_CLK0 |                                                                                                                                                                                 | rtcs_system_i/axi_timer_0/U0/AXI4_LITE_I/I_SLAVE_ATTACHMENT/clear                                                                                          |                2 |              6 |
|  rtcs_system_i/processing_system7_0/inst/FCLK_CLK0 | rtcs_system_i/axi_timer_0/U0/AXI4_LITE_I/I_SLAVE_ATTACHMENT/start2                                                                                                              | rtcs_system_i/axi_timer_0/U0/AXI4_LITE_I/I_SLAVE_ATTACHMENT/I_DECODER/cs_ce_clr                                                                            |                1 |              7 |
|  rtcs_system_i/processing_system7_0/inst/FCLK_CLK0 | rtcs_system_i/axi_gpio_1/U0/AXI_LITE_IPIF_I/I_SLAVE_ATTACHMENT/bus2ip_addr_i[8]_i_1_n_0                                                                                         | rtcs_system_i/axi_gpio_1/U0/bus2ip_reset                                                                                                                   |                1 |              7 |
|  rtcs_system_i/processing_system7_0/inst/FCLK_CLK0 | rtcs_system_i/axi_timer_0/U0/TC_CORE_I/TIMER_CONTROL_I/LOAD_REG_GEN[16].LOAD_REG_I                                                                                              | rtcs_system_i/axi_timer_0/U0/TC_CORE_I/COUNTER_0_I/COUNTER_I/SR[0]                                                                                         |                3 |              8 |
|  rtcs_system_i/processing_system7_0/inst/FCLK_CLK0 | rtcs_system_i/processing_system7_0_axi_periph/s00_couplers/auto_pc/inst/gen_axilite.gen_b2s_conv.axilite_b2s/WR.b_channel_0/mhandshake_r                                        | rtcs_system_i/processing_system7_0_axi_periph/s00_couplers/auto_pc/inst/gen_axilite.gen_b2s_conv.axilite_b2s/WR.b_channel_0/bid_fifo_0/SR[0]               |                2 |              8 |
|  rtcs_system_i/processing_system7_0/inst/FCLK_CLK0 | rtcs_system_i/axi_timer_0/U0/TC_CORE_I/TIMER_CONTROL_I/LOAD_REG_GEN[0].LOAD_REG_I_0                                                                                             | rtcs_system_i/axi_timer_0/U0/TC_CORE_I/COUNTER_0_I/COUNTER_I/SR[0]                                                                                         |                3 |              8 |
|  rtcs_system_i/processing_system7_0/inst/FCLK_CLK0 | rtcs_system_i/axi_timer_0/U0/TC_CORE_I/TIMER_CONTROL_I/LOAD_REG_GEN[24].LOAD_REG_I                                                                                              | rtcs_system_i/axi_timer_0/U0/TC_CORE_I/COUNTER_0_I/COUNTER_I/SR[0]                                                                                         |                3 |              8 |
|  rtcs_system_i/processing_system7_0/inst/FCLK_CLK0 | rtcs_system_i/axi_timer_0/U0/TC_CORE_I/TIMER_CONTROL_I/LOAD_REG_GEN[8].LOAD_REG_I                                                                                               | rtcs_system_i/axi_timer_0/U0/TC_CORE_I/COUNTER_0_I/COUNTER_I/SR[0]                                                                                         |                3 |              8 |
|  rtcs_system_i/processing_system7_0/inst/FCLK_CLK0 |                                                                                                                                                                                 | rtcs_system_i/processing_system7_0_axi_periph/s00_couplers/auto_pc/inst/gen_axilite.gen_b2s_conv.axilite_b2s/SI_REG/r_pipe/SR[0]                           |                2 |              8 |
|  rtcs_system_i/processing_system7_0/inst/FCLK_CLK0 | rtcs_system_i/axi_timer_0/U0/AXI4_LITE_I/I_SLAVE_ATTACHMENT/I_DECODER/TCSR1_GENERATE[22].TCSR1_FF_I                                                                             | rtcs_system_i/axi_timer_0/U0/TC_CORE_I/COUNTER_0_I/COUNTER_I/SR[0]                                                                                         |                4 |              8 |
|  rtcs_system_i/processing_system7_0/inst/FCLK_CLK0 | rtcs_system_i/axi_timer_0/U0/AXI4_LITE_I/I_SLAVE_ATTACHMENT/I_DECODER/TCSR0_GENERATE[20].TCSR0_FF_I                                                                             | rtcs_system_i/axi_timer_0/U0/TC_CORE_I/COUNTER_0_I/COUNTER_I/SR[0]                                                                                         |                2 |              9 |
|  rtcs_system_i/processing_system7_0/inst/FCLK_CLK0 |                                                                                                                                                                                 | rtcs_system_i/axi_timer_0/U0/AXI4_LITE_I/I_SLAVE_ATTACHMENT/rst                                                                                            |                6 |             11 |
|  rtcs_system_i/processing_system7_0/inst/FCLK_CLK0 | rtcs_system_i/processing_system7_0_axi_periph/s00_couplers/auto_pc/inst/gen_axilite.gen_b2s_conv.axilite_b2s/WR.aw_channel_0/cmd_translator_0/incr_cmd_0/axaddr_incr[0]_i_1_n_0 |                                                                                                                                                            |                3 |             12 |
|  rtcs_system_i/processing_system7_0/inst/FCLK_CLK0 | rtcs_system_i/processing_system7_0_axi_periph/s00_couplers/auto_pc/inst/gen_axilite.gen_b2s_conv.axilite_b2s/WR.aw_channel_0/aw_cmd_fsm_0/wrap_boundary_axaddr_r_reg[11]        |                                                                                                                                                            |                3 |             12 |
|  rtcs_system_i/processing_system7_0/inst/FCLK_CLK0 | rtcs_system_i/processing_system7_0_axi_periph/s00_couplers/auto_pc/inst/gen_axilite.gen_b2s_conv.axilite_b2s/WR.aw_channel_0/aw_cmd_fsm_0/axaddr_wrap_reg[0][0]                 |                                                                                                                                                            |                3 |             12 |
|  rtcs_system_i/processing_system7_0/inst/FCLK_CLK0 | rtcs_system_i/processing_system7_0_axi_periph/s00_couplers/auto_pc/inst/gen_axilite.gen_b2s_conv.axilite_b2s/RD.ar_channel_0/ar_cmd_fsm_0/E[0]                                  |                                                                                                                                                            |                4 |             12 |
|  rtcs_system_i/processing_system7_0/inst/FCLK_CLK0 | rtcs_system_i/processing_system7_0_axi_periph/s00_couplers/auto_pc/inst/gen_axilite.gen_b2s_conv.axilite_b2s/RD.ar_channel_0/ar_cmd_fsm_0/axaddr_wrap_reg[0][0]                 |                                                                                                                                                            |                4 |             12 |
|  rtcs_system_i/processing_system7_0/inst/FCLK_CLK0 | rtcs_system_i/processing_system7_0_axi_periph/s00_couplers/auto_pc/inst/gen_axilite.gen_b2s_conv.axilite_b2s/RD.ar_channel_0/ar_cmd_fsm_0/axaddr_incr_reg[11]                   |                                                                                                                                                            |                3 |             12 |
|  rtcs_system_i/processing_system7_0/inst/FCLK_CLK0 | rtcs_system_i/processing_system7_0_axi_periph/s00_couplers/auto_pc/inst/gen_axilite.gen_b2s_conv.axilite_b2s/RD.r_channel_0/r_push_r                                            |                                                                                                                                                            |                4 |             13 |
|  rtcs_system_i/processing_system7_0/inst/FCLK_CLK0 |                                                                                                                                                                                 | rtcs_system_i/processing_system7_0_axi_periph/xbar/inst/gen_sasd.crossbar_sasd_0/addr_arbiter_inst/SR[0]                                                   |                7 |             13 |
|  rtcs_system_i/processing_system7_0/inst/FCLK_CLK0 | rtcs_system_i/processing_system7_0_axi_periph/s00_couplers/auto_pc/inst/gen_axilite.gen_b2s_conv.axilite_b2s/SI_REG/b_pipe/p_1_in                                               |                                                                                                                                                            |                3 |             14 |
|  rtcs_system_i/processing_system7_0/inst/FCLK_CLK0 | rtcs_system_i/processing_system7_0_axi_periph/s00_couplers/auto_pc/inst/gen_axilite.gen_b2s_conv.axilite_b2s/SI_REG/b_pipe/skid_buffer_reg[0]_0                                 |                                                                                                                                                            |                4 |             14 |
|  rtcs_system_i/processing_system7_0/inst/FCLK_CLK0 | rtcs_system_i/axi_gpio_1/U0/AXI_LITE_IPIF_I/I_SLAVE_ATTACHMENT/start2                                                                                                           | rtcs_system_i/axi_gpio_1/U0/AXI_LITE_IPIF_I/I_SLAVE_ATTACHMENT/I_DECODER/cs_ce_clr                                                                         |                6 |             16 |
|  rtcs_system_i/processing_system7_0/inst/FCLK_CLK0 | rtcs_system_i/processing_system7_0_axi_periph/s00_couplers/auto_pc/inst/gen_axilite.gen_b2s_conv.axilite_b2s/WR.aw_channel_0/aw_cmd_fsm_0/b_push                                |                                                                                                                                                            |                5 |             20 |
|  rtcs_system_i/processing_system7_0/inst/FCLK_CLK0 | rtcs_system_i/processing_system7_0_axi_periph/xbar/inst/gen_sasd.crossbar_sasd_0/addr_arbiter_inst/p_0_in1_in                                                                   | rtcs_system_i/processing_system7_0_axi_periph/xbar/inst/gen_sasd.crossbar_sasd_0/addr_arbiter_inst/SR[0]                                                   |                8 |             23 |
|  rtcs_system_i/processing_system7_0/inst/FCLK_CLK0 | rtcs_system_i/axi_gpio_0/U0/AXI_LITE_IPIF_I/I_SLAVE_ATTACHMENT/s_axi_rdata_i                                                                                                    | rtcs_system_i/axi_gpio_0/U0/AXI_LITE_IPIF_I/I_SLAVE_ATTACHMENT/SR                                                                                          |                8 |             32 |
|  rtcs_system_i/processing_system7_0/inst/FCLK_CLK0 |                                                                                                                                                                                 | rtcs_system_i/axi_gpio_0/U0/gpio_core_1/Read_Reg_Rst                                                                                                       |               13 |             32 |
|  rtcs_system_i/processing_system7_0/inst/FCLK_CLK0 | rtcs_system_i/axi_timer_0/U0/TC_CORE_I/TIMER_CONTROL_I/INPUT_DOUBLE_REGS3/INFERRED_GEN.icount_out_reg[0][0]                                                                     | rtcs_system_i/axi_timer_0/U0/TC_CORE_I/COUNTER_0_I/COUNTER_I/SR[0]                                                                                         |                5 |             32 |
|  rtcs_system_i/processing_system7_0/inst/FCLK_CLK0 | rtcs_system_i/axi_timer_0/U0/TC_CORE_I/TIMER_CONTROL_I/INPUT_DOUBLE_REGS3/E[0]                                                                                                  | rtcs_system_i/axi_timer_0/U0/TC_CORE_I/COUNTER_0_I/COUNTER_I/SR[0]                                                                                         |                9 |             32 |
|  rtcs_system_i/processing_system7_0/inst/FCLK_CLK0 | rtcs_system_i/axi_gpio_0/U0/AXI_LITE_IPIF_I/I_SLAVE_ATTACHMENT/I_DECODER/E[0]                                                                                                   | rtcs_system_i/axi_gpio_0/U0/AXI_LITE_IPIF_I/I_SLAVE_ATTACHMENT/SR                                                                                          |               11 |             32 |
|  rtcs_system_i/processing_system7_0/inst/FCLK_CLK0 | rtcs_system_i/axi_timer_0/U0/AXI4_LITE_I/I_SLAVE_ATTACHMENT/s_axi_rdata_i[31]_i_1_n_0                                                                                           | rtcs_system_i/axi_timer_0/U0/AXI4_LITE_I/I_SLAVE_ATTACHMENT/rst                                                                                            |               32 |             32 |
|  rtcs_system_i/processing_system7_0/inst/FCLK_CLK0 | rtcs_system_i/axi_timer_0/U0/AXI4_LITE_I/I_SLAVE_ATTACHMENT/I_DECODER/LOAD_REG_GEN[0].LOAD_REG_I                                                                                | rtcs_system_i/axi_timer_0/U0/TC_CORE_I/COUNTER_0_I/COUNTER_I/SR[0]                                                                                         |                9 |             32 |
|  rtcs_system_i/processing_system7_0/inst/FCLK_CLK0 | rtcs_system_i/processing_system7_0_axi_periph/s00_couplers/auto_pc/inst/gen_axilite.gen_b2s_conv.axilite_b2s/RD.r_channel_0/rd_data_fifo_0/wr_en0                               |                                                                                                                                                            |               10 |             34 |
|  rtcs_system_i/processing_system7_0/inst/FCLK_CLK0 | rtcs_system_i/processing_system7_0_axi_periph/xbar/inst/gen_sasd.crossbar_sasd_0/addr_arbiter_inst/E[0]                                                                         |                                                                                                                                                            |                7 |             35 |
|  rtcs_system_i/processing_system7_0/inst/FCLK_CLK0 | rtcs_system_i/processing_system7_0_axi_periph/xbar/inst/gen_sasd.crossbar_sasd_0/reg_slice_r/aa_rready                                                                          |                                                                                                                                                            |                7 |             35 |
|  rtcs_system_i/processing_system7_0/inst/FCLK_CLK0 |                                                                                                                                                                                 | rtcs_system_i/axi_gpio_1/U0/bus2ip_reset                                                                                                                   |               11 |             39 |
|  rtcs_system_i/processing_system7_0/inst/FCLK_CLK0 |                                                                                                                                                                                 | rtcs_system_i/axi_gpio_0/U0/AXI_LITE_IPIF_I/I_SLAVE_ATTACHMENT/SR                                                                                          |               12 |             47 |
|  rtcs_system_i/processing_system7_0/inst/FCLK_CLK0 | rtcs_system_i/processing_system7_0_axi_periph/s00_couplers/auto_pc/inst/gen_axilite.gen_b2s_conv.axilite_b2s/SI_REG/r_pipe/skid_buffer_reg[0]_0                                 |                                                                                                                                                            |               10 |             47 |
|  rtcs_system_i/processing_system7_0/inst/FCLK_CLK0 | rtcs_system_i/processing_system7_0_axi_periph/s00_couplers/auto_pc/inst/gen_axilite.gen_b2s_conv.axilite_b2s/SI_REG/r_pipe/p_1_in                                               |                                                                                                                                                            |                8 |             47 |
|  rtcs_system_i/processing_system7_0/inst/FCLK_CLK0 | rtcs_system_i/processing_system7_0_axi_periph/s00_couplers/auto_pc/inst/gen_axilite.gen_b2s_conv.axilite_b2s/WR.aw_channel_0/aw_cmd_fsm_0/m_payload_i_reg[0][0]                 |                                                                                                                                                            |                8 |             48 |
|  rtcs_system_i/processing_system7_0/inst/FCLK_CLK0 | rtcs_system_i/processing_system7_0_axi_periph/s00_couplers/auto_pc/inst/gen_axilite.gen_b2s_conv.axilite_b2s/SI_REG/ar_pipe/skid_buffer_reg[0]_0                                |                                                                                                                                                            |               12 |             48 |
|  rtcs_system_i/processing_system7_0/inst/FCLK_CLK0 | rtcs_system_i/processing_system7_0_axi_periph/s00_couplers/auto_pc/inst/gen_axilite.gen_b2s_conv.axilite_b2s/SI_REG/aw_pipe/skid_buffer_reg[0]_0                                |                                                                                                                                                            |                9 |             48 |
|  rtcs_system_i/processing_system7_0/inst/FCLK_CLK0 | rtcs_system_i/processing_system7_0_axi_periph/s00_couplers/auto_pc/inst/gen_axilite.gen_b2s_conv.axilite_b2s/RD.ar_channel_0/ar_cmd_fsm_0/m_payload_i_reg[0]_1[0]               |                                                                                                                                                            |               11 |             48 |
|  rtcs_system_i/processing_system7_0/inst/FCLK_CLK0 |                                                                                                                                                                                 | rtcs_system_i/processing_system7_0_axi_periph/s00_couplers/auto_pc/inst/gen_axilite.gen_b2s_conv.axilite_b2s/areset_d1                                     |               14 |             59 |
|  rtcs_system_i/processing_system7_0/inst/FCLK_CLK0 |                                                                                                                                                                                 |                                                                                                                                                            |               51 |            149 |
+----------------------------------------------------+---------------------------------------------------------------------------------------------------------------------------------------------------------------------------------+------------------------------------------------------------------------------------------------------------------------------------------------------------+------------------+----------------+


